<?xml version="1.0" encoding="UTF-8"?>
<testsuite xmlns:xsi="http://www.w3.org/2001/XMLSchema-instance" xsi:noNamespaceSchemaLocation="https://maven.apache.org/surefire/maven-surefire-plugin/xsd/surefire-test-report.xsd" name="com.amigoscode.customer.CustomerRepositoryTest" time="11.533" tests="4" errors="0" skipped="0" failures="0">
  <properties>
[...]
</properties>
  <testcase name="existsCustomerByEmailFailsWhenEmailNotPresent" classname="com.amigoscode.customer.CustomerRepositoryTest" time="0.255"/>
  <testcase name="existsCustomerByIdFailsWhenIdNotPresent" classname="com.amigoscode.customer.CustomerRepositoryTest" time="0.01"/>
  <testcase name="existsCustomerById" classname="com.amigoscode.customer.CustomerRepositoryTest" time="0.022"/>
  <testcase name="existsCustomerByEmail" classname="com.amigoscode.customer.CustomerRepositoryTest" time="0.022"/>
</testsuite>